running egg_info
writing ../../build/carbot/carbot.egg-info/PKG-INFO
writing dependency_links to ../../build/carbot/carbot.egg-info/dependency_links.txt
writing entry points to ../../build/carbot/carbot.egg-info/entry_points.txt
writing requirements to ../../build/carbot/carbot.egg-info/requires.txt
writing top-level names to ../../build/carbot/carbot.egg-info/top_level.txt
reading manifest file '../../build/carbot/carbot.egg-info/SOURCES.txt'
writing manifest file '../../build/carbot/carbot.egg-info/SOURCES.txt'
running build
running build_py
copying day2/2_4_d_yolov8_obj_det_wc.py -> /home/rokey/rokey4_C1_ws/build/carbot/build/lib/day2
copying day2/2_4_h_yolov8_obj_det_thread.py -> /home/rokey/rokey4_C1_ws/build/carbot/build/lib/day2
copying day2/2_4_c_compare_yolo.py -> /home/rokey/rokey4_C1_ws/build/carbot/build/lib/day2
copying day2/2_9_depth_image.py -> /home/rokey/rokey4_C1_ws/build/carbot/build/lib/day2
copying day2/2_4_g_yolov8_obj_det.py -> /home/rokey/rokey4_C1_ws/build/carbot/build/lib/day2
copying day2/2_4_e_yolo_publisher_wc.py -> /home/rokey/rokey4_C1_ws/build/carbot/build/lib/day2
copying day2/2_4_f_yolo_subscriber_wc.py -> /home/rokey/rokey4_C1_ws/build/carbot/build/lib/day2
copying day2/2_4_i_yolov8_obj_det_track.py -> /home/rokey/rokey4_C1_ws/build/carbot/build/lib/day2
running install
running install_lib
copying /home/rokey/rokey4_C1_ws/build/carbot/build/lib/day2/2_4_d_yolov8_obj_det_wc.py -> /home/rokey/rokey4_C1_ws/install/carbot/lib/python3.10/site-packages/day2
copying /home/rokey/rokey4_C1_ws/build/carbot/build/lib/day2/2_4_h_yolov8_obj_det_thread.py -> /home/rokey/rokey4_C1_ws/install/carbot/lib/python3.10/site-packages/day2
copying /home/rokey/rokey4_C1_ws/build/carbot/build/lib/day2/2_4_c_compare_yolo.py -> /home/rokey/rokey4_C1_ws/install/carbot/lib/python3.10/site-packages/day2
copying /home/rokey/rokey4_C1_ws/build/carbot/build/lib/day2/2_9_depth_image.py -> /home/rokey/rokey4_C1_ws/install/carbot/lib/python3.10/site-packages/day2
copying /home/rokey/rokey4_C1_ws/build/carbot/build/lib/day2/2_4_g_yolov8_obj_det.py -> /home/rokey/rokey4_C1_ws/install/carbot/lib/python3.10/site-packages/day2
copying /home/rokey/rokey4_C1_ws/build/carbot/build/lib/day2/2_4_e_yolo_publisher_wc.py -> /home/rokey/rokey4_C1_ws/install/carbot/lib/python3.10/site-packages/day2
copying /home/rokey/rokey4_C1_ws/build/carbot/build/lib/day2/2_4_f_yolo_subscriber_wc.py -> /home/rokey/rokey4_C1_ws/install/carbot/lib/python3.10/site-packages/day2
copying /home/rokey/rokey4_C1_ws/build/carbot/build/lib/day2/2_4_i_yolov8_obj_det_track.py -> /home/rokey/rokey4_C1_ws/install/carbot/lib/python3.10/site-packages/day2
byte-compiling /home/rokey/rokey4_C1_ws/install/carbot/lib/python3.10/site-packages/day2/2_4_d_yolov8_obj_det_wc.py to 2_4_d_yolov8_obj_det_wc.cpython-310.pyc
byte-compiling /home/rokey/rokey4_C1_ws/install/carbot/lib/python3.10/site-packages/day2/2_4_h_yolov8_obj_det_thread.py to 2_4_h_yolov8_obj_det_thread.cpython-310.pyc
byte-compiling /home/rokey/rokey4_C1_ws/install/carbot/lib/python3.10/site-packages/day2/2_4_c_compare_yolo.py to 2_4_c_compare_yolo.cpython-310.pyc
byte-compiling /home/rokey/rokey4_C1_ws/install/carbot/lib/python3.10/site-packages/day2/2_9_depth_image.py to 2_9_depth_image.cpython-310.pyc
byte-compiling /home/rokey/rokey4_C1_ws/install/carbot/lib/python3.10/site-packages/day2/2_4_g_yolov8_obj_det.py to 2_4_g_yolov8_obj_det.cpython-310.pyc
byte-compiling /home/rokey/rokey4_C1_ws/install/carbot/lib/python3.10/site-packages/day2/2_4_e_yolo_publisher_wc.py to 2_4_e_yolo_publisher_wc.cpython-310.pyc
byte-compiling /home/rokey/rokey4_C1_ws/install/carbot/lib/python3.10/site-packages/day2/2_4_f_yolo_subscriber_wc.py to 2_4_f_yolo_subscriber_wc.cpython-310.pyc
byte-compiling /home/rokey/rokey4_C1_ws/install/carbot/lib/python3.10/site-packages/day2/2_4_i_yolov8_obj_det_track.py to 2_4_i_yolov8_obj_det_track.cpython-310.pyc
running install_data
running install_egg_info
removing '/home/rokey/rokey4_C1_ws/install/carbot/lib/python3.10/site-packages/carbot-0.0.0-py3.10.egg-info' (and everything under it)
Copying ../../build/carbot/carbot.egg-info to /home/rokey/rokey4_C1_ws/install/carbot/lib/python3.10/site-packages/carbot-0.0.0-py3.10.egg-info
running install_scripts
Installing cap_img script to /home/rokey/rokey4_C1_ws/install/carbot/lib/carbot
Installing com_yolo script to /home/rokey/rokey4_C1_ws/install/carbot/lib/carbot
Installing depth_img script to /home/rokey/rokey4_C1_ws/install/carbot/lib/carbot
Installing obj_det script to /home/rokey/rokey4_C1_ws/install/carbot/lib/carbot
Installing obj_det_thread script to /home/rokey/rokey4_C1_ws/install/carbot/lib/carbot
Installing obj_det_track script to /home/rokey/rokey4_C1_ws/install/carbot/lib/carbot
Installing obj_det_wc script to /home/rokey/rokey4_C1_ws/install/carbot/lib/carbot
Installing pub_data script to /home/rokey/rokey4_C1_ws/install/carbot/lib/carbot
Installing pub_image script to /home/rokey/rokey4_C1_ws/install/carbot/lib/carbot
Installing show_data script to /home/rokey/rokey4_C1_ws/install/carbot/lib/carbot
Installing show_image script to /home/rokey/rokey4_C1_ws/install/carbot/lib/carbot
Installing yolo_pub_wc script to /home/rokey/rokey4_C1_ws/install/carbot/lib/carbot
Installing yolo_sub_wc script to /home/rokey/rokey4_C1_ws/install/carbot/lib/carbot
writing list of installed files to '/home/rokey/rokey4_C1_ws/build/carbot/install.log'
