[0.370s] Invoking command in '/home/rokey/rokey4_C1_ws/src/carbot': PYTHONPATH=/home/rokey/rokey4_C1_ws/build/carbot/prefix_override:/usr/lib/python3/dist-packages/colcon_core/task/python/colcon_distutils_commands:/home/rokey/rokey4_C1_ws/install/carbot/lib/python3.10/site-packages:${PYTHONPATH} /usr/bin/python3 -W ignore:setup.py install is deprecated -W ignore:easy_install command is deprecated setup.py egg_info --egg-base ../../build/carbot build --build-base /home/rokey/rokey4_C1_ws/build/carbot/build install --record /home/rokey/rokey4_C1_ws/build/carbot/install.log --single-version-externally-managed install_data
[0.511s] running egg_info
[0.512s] writing ../../build/carbot/carbot.egg-info/PKG-INFO
[0.512s] writing dependency_links to ../../build/carbot/carbot.egg-info/dependency_links.txt
[0.512s] writing entry points to ../../build/carbot/carbot.egg-info/entry_points.txt
[0.512s] writing requirements to ../../build/carbot/carbot.egg-info/requires.txt
[0.512s] writing top-level names to ../../build/carbot/carbot.egg-info/top_level.txt
[0.513s] reading manifest file '../../build/carbot/carbot.egg-info/SOURCES.txt'
[0.513s] writing manifest file '../../build/carbot/carbot.egg-info/SOURCES.txt'
[0.513s] running build
[0.513s] running build_py
[0.513s] copying day2/2_4_d_yolov8_obj_det_wc.py -> /home/rokey/rokey4_C1_ws/build/carbot/build/lib/day2
[0.514s] copying day2/2_4_h_yolov8_obj_det_thread.py -> /home/rokey/rokey4_C1_ws/build/carbot/build/lib/day2
[0.514s] copying day2/2_4_c_compare_yolo.py -> /home/rokey/rokey4_C1_ws/build/carbot/build/lib/day2
[0.514s] copying day2/2_9_depth_image.py -> /home/rokey/rokey4_C1_ws/build/carbot/build/lib/day2
[0.514s] copying day2/2_4_g_yolov8_obj_det.py -> /home/rokey/rokey4_C1_ws/build/carbot/build/lib/day2
[0.514s] copying day2/2_4_e_yolo_publisher_wc.py -> /home/rokey/rokey4_C1_ws/build/carbot/build/lib/day2
[0.514s] copying day2/2_4_f_yolo_subscriber_wc.py -> /home/rokey/rokey4_C1_ws/build/carbot/build/lib/day2
[0.514s] copying day2/2_4_i_yolov8_obj_det_track.py -> /home/rokey/rokey4_C1_ws/build/carbot/build/lib/day2
[0.514s] running install
[0.514s] running install_lib
[0.515s] copying /home/rokey/rokey4_C1_ws/build/carbot/build/lib/day2/2_4_d_yolov8_obj_det_wc.py -> /home/rokey/rokey4_C1_ws/install/carbot/lib/python3.10/site-packages/day2
[0.515s] copying /home/rokey/rokey4_C1_ws/build/carbot/build/lib/day2/2_4_h_yolov8_obj_det_thread.py -> /home/rokey/rokey4_C1_ws/install/carbot/lib/python3.10/site-packages/day2
[0.515s] copying /home/rokey/rokey4_C1_ws/build/carbot/build/lib/day2/2_4_c_compare_yolo.py -> /home/rokey/rokey4_C1_ws/install/carbot/lib/python3.10/site-packages/day2
[0.515s] copying /home/rokey/rokey4_C1_ws/build/carbot/build/lib/day2/2_9_depth_image.py -> /home/rokey/rokey4_C1_ws/install/carbot/lib/python3.10/site-packages/day2
[0.515s] copying /home/rokey/rokey4_C1_ws/build/carbot/build/lib/day2/2_4_g_yolov8_obj_det.py -> /home/rokey/rokey4_C1_ws/install/carbot/lib/python3.10/site-packages/day2
[0.515s] copying /home/rokey/rokey4_C1_ws/build/carbot/build/lib/day2/2_4_e_yolo_publisher_wc.py -> /home/rokey/rokey4_C1_ws/install/carbot/lib/python3.10/site-packages/day2
[0.515s] copying /home/rokey/rokey4_C1_ws/build/carbot/build/lib/day2/2_4_f_yolo_subscriber_wc.py -> /home/rokey/rokey4_C1_ws/install/carbot/lib/python3.10/site-packages/day2
[0.515s] copying /home/rokey/rokey4_C1_ws/build/carbot/build/lib/day2/2_4_i_yolov8_obj_det_track.py -> /home/rokey/rokey4_C1_ws/install/carbot/lib/python3.10/site-packages/day2
[0.515s] byte-compiling /home/rokey/rokey4_C1_ws/install/carbot/lib/python3.10/site-packages/day2/2_4_d_yolov8_obj_det_wc.py to 2_4_d_yolov8_obj_det_wc.cpython-310.pyc
[0.516s] byte-compiling /home/rokey/rokey4_C1_ws/install/carbot/lib/python3.10/site-packages/day2/2_4_h_yolov8_obj_det_thread.py to 2_4_h_yolov8_obj_det_thread.cpython-310.pyc
[0.516s] byte-compiling /home/rokey/rokey4_C1_ws/install/carbot/lib/python3.10/site-packages/day2/2_4_c_compare_yolo.py to 2_4_c_compare_yolo.cpython-310.pyc
[0.517s] byte-compiling /home/rokey/rokey4_C1_ws/install/carbot/lib/python3.10/site-packages/day2/2_9_depth_image.py to 2_9_depth_image.cpython-310.pyc
[0.517s] byte-compiling /home/rokey/rokey4_C1_ws/install/carbot/lib/python3.10/site-packages/day2/2_4_g_yolov8_obj_det.py to 2_4_g_yolov8_obj_det.cpython-310.pyc
[0.517s] byte-compiling /home/rokey/rokey4_C1_ws/install/carbot/lib/python3.10/site-packages/day2/2_4_e_yolo_publisher_wc.py to 2_4_e_yolo_publisher_wc.cpython-310.pyc
[0.518s] byte-compiling /home/rokey/rokey4_C1_ws/install/carbot/lib/python3.10/site-packages/day2/2_4_f_yolo_subscriber_wc.py to 2_4_f_yolo_subscriber_wc.cpython-310.pyc
[0.518s] byte-compiling /home/rokey/rokey4_C1_ws/install/carbot/lib/python3.10/site-packages/day2/2_4_i_yolov8_obj_det_track.py to 2_4_i_yolov8_obj_det_track.cpython-310.pyc
[0.519s] running install_data
[0.519s] running install_egg_info
[0.520s] removing '/home/rokey/rokey4_C1_ws/install/carbot/lib/python3.10/site-packages/carbot-0.0.0-py3.10.egg-info' (and everything under it)
[0.520s] Copying ../../build/carbot/carbot.egg-info to /home/rokey/rokey4_C1_ws/install/carbot/lib/python3.10/site-packages/carbot-0.0.0-py3.10.egg-info
[0.520s] running install_scripts
[0.533s] Installing cap_img script to /home/rokey/rokey4_C1_ws/install/carbot/lib/carbot
[0.533s] Installing com_yolo script to /home/rokey/rokey4_C1_ws/install/carbot/lib/carbot
[0.533s] Installing depth_img script to /home/rokey/rokey4_C1_ws/install/carbot/lib/carbot
[0.533s] Installing obj_det script to /home/rokey/rokey4_C1_ws/install/carbot/lib/carbot
[0.533s] Installing obj_det_thread script to /home/rokey/rokey4_C1_ws/install/carbot/lib/carbot
[0.533s] Installing obj_det_track script to /home/rokey/rokey4_C1_ws/install/carbot/lib/carbot
[0.533s] Installing obj_det_wc script to /home/rokey/rokey4_C1_ws/install/carbot/lib/carbot
[0.533s] Installing pub_data script to /home/rokey/rokey4_C1_ws/install/carbot/lib/carbot
[0.533s] Installing pub_image script to /home/rokey/rokey4_C1_ws/install/carbot/lib/carbot
[0.533s] Installing show_data script to /home/rokey/rokey4_C1_ws/install/carbot/lib/carbot
[0.533s] Installing show_image script to /home/rokey/rokey4_C1_ws/install/carbot/lib/carbot
[0.533s] Installing yolo_pub_wc script to /home/rokey/rokey4_C1_ws/install/carbot/lib/carbot
[0.533s] Installing yolo_sub_wc script to /home/rokey/rokey4_C1_ws/install/carbot/lib/carbot
[0.533s] writing list of installed files to '/home/rokey/rokey4_C1_ws/build/carbot/install.log'
[0.547s] Invoked command in '/home/rokey/rokey4_C1_ws/src/carbot' returned '0': PYTHONPATH=/home/rokey/rokey4_C1_ws/build/carbot/prefix_override:/usr/lib/python3/dist-packages/colcon_core/task/python/colcon_distutils_commands:/home/rokey/rokey4_C1_ws/install/carbot/lib/python3.10/site-packages:${PYTHONPATH} /usr/bin/python3 -W ignore:setup.py install is deprecated -W ignore:easy_install command is deprecated setup.py egg_info --egg-base ../../build/carbot build --build-base /home/rokey/rokey4_C1_ws/build/carbot/build install --record /home/rokey/rokey4_C1_ws/build/carbot/install.log --single-version-externally-managed install_data
