[0.369s] Invoking command in '/home/rokey/rokey4_C1_ws/src/carbot': PYTHONPATH=/home/rokey/rokey4_C1_ws/build/carbot/prefix_override:/usr/lib/python3/dist-packages/colcon_core/task/python/colcon_distutils_commands:/home/rokey/rokey4_C1_ws/install/carbot/lib/python3.10/site-packages:${PYTHONPATH} /usr/bin/python3 -W ignore:setup.py install is deprecated -W ignore:easy_install command is deprecated setup.py egg_info --egg-base ../../build/carbot build --build-base /home/rokey/rokey4_C1_ws/build/carbot/build install --record /home/rokey/rokey4_C1_ws/build/carbot/install.log --single-version-externally-managed install_data
[0.507s] running egg_info
[0.507s] writing ../../build/carbot/carbot.egg-info/PKG-INFO
[0.508s] writing dependency_links to ../../build/carbot/carbot.egg-info/dependency_links.txt
[0.508s] writing entry points to ../../build/carbot/carbot.egg-info/entry_points.txt
[0.508s] writing requirements to ../../build/carbot/carbot.egg-info/requires.txt
[0.508s] writing top-level names to ../../build/carbot/carbot.egg-info/top_level.txt
[0.509s] reading manifest file '../../build/carbot/carbot.egg-info/SOURCES.txt'
[0.509s] writing manifest file '../../build/carbot/carbot.egg-info/SOURCES.txt'
[0.509s] running build
[0.509s] running build_py
[0.509s] running install
[0.509s] running install_lib
[0.510s] running install_data
[0.510s] running install_egg_info
[0.511s] removing '/home/rokey/rokey4_C1_ws/install/carbot/lib/python3.10/site-packages/carbot-0.0.0-py3.10.egg-info' (and everything under it)
[0.511s] Copying ../../build/carbot/carbot.egg-info to /home/rokey/rokey4_C1_ws/install/carbot/lib/python3.10/site-packages/carbot-0.0.0-py3.10.egg-info
[0.512s] running install_scripts
[0.524s] Installing pub_data script to /home/rokey/rokey4_C1_ws/install/carbot/lib/carbot
[0.524s] Installing pub_image script to /home/rokey/rokey4_C1_ws/install/carbot/lib/carbot
[0.524s] Installing show_data script to /home/rokey/rokey4_C1_ws/install/carbot/lib/carbot
[0.524s] Installing show_image script to /home/rokey/rokey4_C1_ws/install/carbot/lib/carbot
[0.524s] writing list of installed files to '/home/rokey/rokey4_C1_ws/build/carbot/install.log'
[0.538s] Invoked command in '/home/rokey/rokey4_C1_ws/src/carbot' returned '0': PYTHONPATH=/home/rokey/rokey4_C1_ws/build/carbot/prefix_override:/usr/lib/python3/dist-packages/colcon_core/task/python/colcon_distutils_commands:/home/rokey/rokey4_C1_ws/install/carbot/lib/python3.10/site-packages:${PYTHONPATH} /usr/bin/python3 -W ignore:setup.py install is deprecated -W ignore:easy_install command is deprecated setup.py egg_info --egg-base ../../build/carbot build --build-base /home/rokey/rokey4_C1_ws/build/carbot/build install --record /home/rokey/rokey4_C1_ws/build/carbot/install.log --single-version-externally-managed install_data
