running egg_info
writing ../../build/carbot/carbot.egg-info/PKG-INFO
writing dependency_links to ../../build/carbot/carbot.egg-info/dependency_links.txt
writing entry points to ../../build/carbot/carbot.egg-info/entry_points.txt
writing requirements to ../../build/carbot/carbot.egg-info/requires.txt
writing top-level names to ../../build/carbot/carbot.egg-info/top_level.txt
reading manifest file '../../build/carbot/carbot.egg-info/SOURCES.txt'
writing manifest file '../../build/carbot/carbot.egg-info/SOURCES.txt'
running build
running build_py
copying day2/3_2_e_mail_delivery.py -> /home/rokey/rokey4_C1_ws/build/carbot/build/lib/day2
copying day2/3_3_b_depth_to_3d.py -> /home/rokey/rokey4_C1_ws/build/carbot/build/lib/day2
copying day2/3_2_b_nav_through_poses.py -> /home/rokey/rokey4_C1_ws/build/carbot/build/lib/day2
copying day2/3_2_c_follow_waypoints.py -> /home/rokey/rokey4_C1_ws/build/carbot/build/lib/day2
copying day2/3_3_b_depth_to_3d_ts.py -> /home/rokey/rokey4_C1_ws/build/carbot/build/lib/day2
copying day2/3_3_a_depth_checker.py -> /home/rokey/rokey4_C1_ws/build/carbot/build/lib/day2
copying day2/3_2_f_patrol_loop.py -> /home/rokey/rokey4_C1_ws/build/carbot/build/lib/day2
copying day2/3_3_c_depth_to_nav_goal.py -> /home/rokey/rokey4_C1_ws/build/carbot/build/lib/day2
copying day2/3_2_d_create_path.py -> /home/rokey/rokey4_C1_ws/build/carbot/build/lib/day2
copying day2/3_2_a_nav_to_pose.py -> /home/rokey/rokey4_C1_ws/build/carbot/build/lib/day2
running install
running install_lib
copying /home/rokey/rokey4_C1_ws/build/carbot/build/lib/day2/3_2_e_mail_delivery.py -> /home/rokey/rokey4_C1_ws/install/carbot/lib/python3.10/site-packages/day2
copying /home/rokey/rokey4_C1_ws/build/carbot/build/lib/day2/3_3_b_depth_to_3d.py -> /home/rokey/rokey4_C1_ws/install/carbot/lib/python3.10/site-packages/day2
copying /home/rokey/rokey4_C1_ws/build/carbot/build/lib/day2/3_2_b_nav_through_poses.py -> /home/rokey/rokey4_C1_ws/install/carbot/lib/python3.10/site-packages/day2
copying /home/rokey/rokey4_C1_ws/build/carbot/build/lib/day2/3_2_c_follow_waypoints.py -> /home/rokey/rokey4_C1_ws/install/carbot/lib/python3.10/site-packages/day2
copying /home/rokey/rokey4_C1_ws/build/carbot/build/lib/day2/3_3_b_depth_to_3d_ts.py -> /home/rokey/rokey4_C1_ws/install/carbot/lib/python3.10/site-packages/day2
copying /home/rokey/rokey4_C1_ws/build/carbot/build/lib/day2/3_3_a_depth_checker.py -> /home/rokey/rokey4_C1_ws/install/carbot/lib/python3.10/site-packages/day2
copying /home/rokey/rokey4_C1_ws/build/carbot/build/lib/day2/3_2_f_patrol_loop.py -> /home/rokey/rokey4_C1_ws/install/carbot/lib/python3.10/site-packages/day2
copying /home/rokey/rokey4_C1_ws/build/carbot/build/lib/day2/3_3_c_depth_to_nav_goal.py -> /home/rokey/rokey4_C1_ws/install/carbot/lib/python3.10/site-packages/day2
copying /home/rokey/rokey4_C1_ws/build/carbot/build/lib/day2/3_2_d_create_path.py -> /home/rokey/rokey4_C1_ws/install/carbot/lib/python3.10/site-packages/day2
copying /home/rokey/rokey4_C1_ws/build/carbot/build/lib/day2/3_2_a_nav_to_pose.py -> /home/rokey/rokey4_C1_ws/install/carbot/lib/python3.10/site-packages/day2
byte-compiling /home/rokey/rokey4_C1_ws/install/carbot/lib/python3.10/site-packages/day2/3_2_e_mail_delivery.py to 3_2_e_mail_delivery.cpython-310.pyc
byte-compiling /home/rokey/rokey4_C1_ws/install/carbot/lib/python3.10/site-packages/day2/3_3_b_depth_to_3d.py to 3_3_b_depth_to_3d.cpython-310.pyc
byte-compiling /home/rokey/rokey4_C1_ws/install/carbot/lib/python3.10/site-packages/day2/3_2_b_nav_through_poses.py to 3_2_b_nav_through_poses.cpython-310.pyc
byte-compiling /home/rokey/rokey4_C1_ws/install/carbot/lib/python3.10/site-packages/day2/3_2_c_follow_waypoints.py to 3_2_c_follow_waypoints.cpython-310.pyc
byte-compiling /home/rokey/rokey4_C1_ws/install/carbot/lib/python3.10/site-packages/day2/3_3_b_depth_to_3d_ts.py to 3_3_b_depth_to_3d_ts.cpython-310.pyc
byte-compiling /home/rokey/rokey4_C1_ws/install/carbot/lib/python3.10/site-packages/day2/3_3_a_depth_checker.py to 3_3_a_depth_checker.cpython-310.pyc
byte-compiling /home/rokey/rokey4_C1_ws/install/carbot/lib/python3.10/site-packages/day2/3_2_f_patrol_loop.py to 3_2_f_patrol_loop.cpython-310.pyc
byte-compiling /home/rokey/rokey4_C1_ws/install/carbot/lib/python3.10/site-packages/day2/3_3_c_depth_to_nav_goal.py to 3_3_c_depth_to_nav_goal.cpython-310.pyc
byte-compiling /home/rokey/rokey4_C1_ws/install/carbot/lib/python3.10/site-packages/day2/3_2_d_create_path.py to 3_2_d_create_path.cpython-310.pyc
byte-compiling /home/rokey/rokey4_C1_ws/install/carbot/lib/python3.10/site-packages/day2/3_2_a_nav_to_pose.py to 3_2_a_nav_to_pose.cpython-310.pyc
running install_data
running install_egg_info
removing '/home/rokey/rokey4_C1_ws/install/carbot/lib/python3.10/site-packages/carbot-0.0.0-py3.10.egg-info' (and everything under it)
Copying ../../build/carbot/carbot.egg-info to /home/rokey/rokey4_C1_ws/install/carbot/lib/python3.10/site-packages/carbot-0.0.0-py3.10.egg-info
running install_scripts
Installing cap_img script to /home/rokey/rokey4_C1_ws/install/carbot/lib/carbot
Installing com_yolo script to /home/rokey/rokey4_C1_ws/install/carbot/lib/carbot
Installing depth_caculator script to /home/rokey/rokey4_C1_ws/install/carbot/lib/carbot
Installing depth_checker script to /home/rokey/rokey4_C1_ws/install/carbot/lib/carbot
Installing depth_test script to /home/rokey/rokey4_C1_ws/install/carbot/lib/carbot
Installing depth_to_3d script to /home/rokey/rokey4_C1_ws/install/carbot/lib/carbot
Installing depth_to_nav script to /home/rokey/rokey4_C1_ws/install/carbot/lib/carbot
Installing follow_waypoints script to /home/rokey/rokey4_C1_ws/install/carbot/lib/carbot
Installing mial_delivery script to /home/rokey/rokey4_C1_ws/install/carbot/lib/carbot
Installing nav_through_pose script to /home/rokey/rokey4_C1_ws/install/carbot/lib/carbot
Installing nav_to_person script to /home/rokey/rokey4_C1_ws/install/carbot/lib/carbot
Installing nav_to_pose script to /home/rokey/rokey4_C1_ws/install/carbot/lib/carbot
Installing obj_det script to /home/rokey/rokey4_C1_ws/install/carbot/lib/carbot
Installing obj_det_thread script to /home/rokey/rokey4_C1_ws/install/carbot/lib/carbot
Installing obj_det_track script to /home/rokey/rokey4_C1_ws/install/carbot/lib/carbot
Installing obj_det_wc script to /home/rokey/rokey4_C1_ws/install/carbot/lib/carbot
Installing patrol_loop script to /home/rokey/rokey4_C1_ws/install/carbot/lib/carbot
Installing pub_data script to /home/rokey/rokey4_C1_ws/install/carbot/lib/carbot
Installing pub_image script to /home/rokey/rokey4_C1_ws/install/carbot/lib/carbot
Installing show_data script to /home/rokey/rokey4_C1_ws/install/carbot/lib/carbot
Installing show_image script to /home/rokey/rokey4_C1_ws/install/carbot/lib/carbot
Installing test script to /home/rokey/rokey4_C1_ws/install/carbot/lib/carbot
Installing yolo_pub_wc script to /home/rokey/rokey4_C1_ws/install/carbot/lib/carbot
Installing yolo_sub_wc script to /home/rokey/rokey4_C1_ws/install/carbot/lib/carbot
writing list of installed files to '/home/rokey/rokey4_C1_ws/build/carbot/install.log'
