/home/rokey/rokey4_C1_ws/install/carbot/lib/python3.10/site-packages/day2/2_4_d_yolov8_obj_det_wc.py
/home/rokey/rokey4_C1_ws/install/carbot/lib/python3.10/site-packages/day2/depth_caculator_last.py
/home/rokey/rokey4_C1_ws/install/carbot/lib/python3.10/site-packages/day2/3_2_e_mail_delivery.py
/home/rokey/rokey4_C1_ws/install/carbot/lib/python3.10/site-packages/day2/2_4_h_yolov8_obj_det_thread.py
/home/rokey/rokey4_C1_ws/install/carbot/lib/python3.10/site-packages/day2/3_3_b_depth_to_3d.py
/home/rokey/rokey4_C1_ws/install/carbot/lib/python3.10/site-packages/day2/3_2_b_nav_through_poses.py
/home/rokey/rokey4_C1_ws/install/carbot/lib/python3.10/site-packages/day2/3_3_d_nav_to_car.py
/home/rokey/rokey4_C1_ws/install/carbot/lib/python3.10/site-packages/day2/3_1_d_nav_to_person.py
/home/rokey/rokey4_C1_ws/install/carbot/lib/python3.10/site-packages/day2/2_0_d_data_subscriber.py
/home/rokey/rokey4_C1_ws/install/carbot/lib/python3.10/site-packages/day2/depth_test.py
/home/rokey/rokey4_C1_ws/install/carbot/lib/python3.10/site-packages/day2/3_2_c_follow_waypoints.py
/home/rokey/rokey4_C1_ws/install/carbot/lib/python3.10/site-packages/day2/2_1_d_capture_image.py
/home/rokey/rokey4_C1_ws/install/carbot/lib/python3.10/site-packages/day2/2_0_c_data_publisher.py
/home/rokey/rokey4_C1_ws/install/carbot/lib/python3.10/site-packages/day2/3_1_b_depth_to_3d.py
/home/rokey/rokey4_C1_ws/install/carbot/lib/python3.10/site-packages/day2/2_0_a_image_publisher.py
/home/rokey/rokey4_C1_ws/install/carbot/lib/python3.10/site-packages/day2/2_4_c_compare_yolo.py
/home/rokey/rokey4_C1_ws/install/carbot/lib/python3.10/site-packages/day2/yolo_depth_test.py
/home/rokey/rokey4_C1_ws/install/carbot/lib/python3.10/site-packages/day2/3_3_b_depth_to_3d_ts.py
/home/rokey/rokey4_C1_ws/install/carbot/lib/python3.10/site-packages/day2/3_3_a_depth_checker.py
/home/rokey/rokey4_C1_ws/install/carbot/lib/python3.10/site-packages/day2/2_4_g_yolov8_obj_det.py
/home/rokey/rokey4_C1_ws/install/carbot/lib/python3.10/site-packages/day2/3_2_f_patrol_loop.py
/home/rokey/rokey4_C1_ws/install/carbot/lib/python3.10/site-packages/day2/3_1_a_depth_checker.py
/home/rokey/rokey4_C1_ws/install/carbot/lib/python3.10/site-packages/day2/3_3_c_depth_to_nav_goal.py
/home/rokey/rokey4_C1_ws/install/carbot/lib/python3.10/site-packages/day2/3_2_d_create_path.py
/home/rokey/rokey4_C1_ws/install/carbot/lib/python3.10/site-packages/day2/2_4_e_yolo_publisher_wc.py
/home/rokey/rokey4_C1_ws/install/carbot/lib/python3.10/site-packages/day2/3_2_a_nav_to_pose.py
/home/rokey/rokey4_C1_ws/install/carbot/lib/python3.10/site-packages/day2/2_4_f_yolo_subscriber_wc.py
/home/rokey/rokey4_C1_ws/install/carbot/lib/python3.10/site-packages/day2/2_4_i_yolov8_obj_det_track.py
/home/rokey/rokey4_C1_ws/install/carbot/lib/python3.10/site-packages/day2/3_1_c_depth_to_nav_goal.py
/home/rokey/rokey4_C1_ws/install/carbot/lib/python3.10/site-packages/day2/__init__.py
/home/rokey/rokey4_C1_ws/install/carbot/lib/python3.10/site-packages/day2/2_0_b_image_subscriber.py
/home/rokey/rokey4_C1_ws/install/carbot/lib/python3.10/site-packages/carbot/__init__.py
/home/rokey/rokey4_C1_ws/install/carbot/lib/python3.10/site-packages/day2/__pycache__/2_4_d_yolov8_obj_det_wc.cpython-310.pyc
/home/rokey/rokey4_C1_ws/install/carbot/lib/python3.10/site-packages/day2/__pycache__/depth_caculator_last.cpython-310.pyc
/home/rokey/rokey4_C1_ws/install/carbot/lib/python3.10/site-packages/day2/__pycache__/3_2_e_mail_delivery.cpython-310.pyc
/home/rokey/rokey4_C1_ws/install/carbot/lib/python3.10/site-packages/day2/__pycache__/2_4_h_yolov8_obj_det_thread.cpython-310.pyc
/home/rokey/rokey4_C1_ws/install/carbot/lib/python3.10/site-packages/day2/__pycache__/3_3_b_depth_to_3d.cpython-310.pyc
/home/rokey/rokey4_C1_ws/install/carbot/lib/python3.10/site-packages/day2/__pycache__/3_2_b_nav_through_poses.cpython-310.pyc
/home/rokey/rokey4_C1_ws/install/carbot/lib/python3.10/site-packages/day2/__pycache__/3_3_d_nav_to_car.cpython-310.pyc
/home/rokey/rokey4_C1_ws/install/carbot/lib/python3.10/site-packages/day2/__pycache__/3_1_d_nav_to_person.cpython-310.pyc
/home/rokey/rokey4_C1_ws/install/carbot/lib/python3.10/site-packages/day2/__pycache__/2_0_d_data_subscriber.cpython-310.pyc
/home/rokey/rokey4_C1_ws/install/carbot/lib/python3.10/site-packages/day2/__pycache__/depth_test.cpython-310.pyc
/home/rokey/rokey4_C1_ws/install/carbot/lib/python3.10/site-packages/day2/__pycache__/3_2_c_follow_waypoints.cpython-310.pyc
/home/rokey/rokey4_C1_ws/install/carbot/lib/python3.10/site-packages/day2/__pycache__/2_1_d_capture_image.cpython-310.pyc
/home/rokey/rokey4_C1_ws/install/carbot/lib/python3.10/site-packages/day2/__pycache__/2_0_c_data_publisher.cpython-310.pyc
/home/rokey/rokey4_C1_ws/install/carbot/lib/python3.10/site-packages/day2/__pycache__/3_1_b_depth_to_3d.cpython-310.pyc
/home/rokey/rokey4_C1_ws/install/carbot/lib/python3.10/site-packages/day2/__pycache__/2_0_a_image_publisher.cpython-310.pyc
/home/rokey/rokey4_C1_ws/install/carbot/lib/python3.10/site-packages/day2/__pycache__/2_4_c_compare_yolo.cpython-310.pyc
/home/rokey/rokey4_C1_ws/install/carbot/lib/python3.10/site-packages/day2/__pycache__/yolo_depth_test.cpython-310.pyc
/home/rokey/rokey4_C1_ws/install/carbot/lib/python3.10/site-packages/day2/__pycache__/3_3_b_depth_to_3d_ts.cpython-310.pyc
/home/rokey/rokey4_C1_ws/install/carbot/lib/python3.10/site-packages/day2/__pycache__/3_3_a_depth_checker.cpython-310.pyc
/home/rokey/rokey4_C1_ws/install/carbot/lib/python3.10/site-packages/day2/__pycache__/2_4_g_yolov8_obj_det.cpython-310.pyc
/home/rokey/rokey4_C1_ws/install/carbot/lib/python3.10/site-packages/day2/__pycache__/3_2_f_patrol_loop.cpython-310.pyc
/home/rokey/rokey4_C1_ws/install/carbot/lib/python3.10/site-packages/day2/__pycache__/3_1_a_depth_checker.cpython-310.pyc
/home/rokey/rokey4_C1_ws/install/carbot/lib/python3.10/site-packages/day2/__pycache__/3_3_c_depth_to_nav_goal.cpython-310.pyc
/home/rokey/rokey4_C1_ws/install/carbot/lib/python3.10/site-packages/day2/__pycache__/3_2_d_create_path.cpython-310.pyc
/home/rokey/rokey4_C1_ws/install/carbot/lib/python3.10/site-packages/day2/__pycache__/2_4_e_yolo_publisher_wc.cpython-310.pyc
/home/rokey/rokey4_C1_ws/install/carbot/lib/python3.10/site-packages/day2/__pycache__/3_2_a_nav_to_pose.cpython-310.pyc
/home/rokey/rokey4_C1_ws/install/carbot/lib/python3.10/site-packages/day2/__pycache__/2_4_f_yolo_subscriber_wc.cpython-310.pyc
/home/rokey/rokey4_C1_ws/install/carbot/lib/python3.10/site-packages/day2/__pycache__/2_4_i_yolov8_obj_det_track.cpython-310.pyc
/home/rokey/rokey4_C1_ws/install/carbot/lib/python3.10/site-packages/day2/__pycache__/3_1_c_depth_to_nav_goal.cpython-310.pyc
/home/rokey/rokey4_C1_ws/install/carbot/lib/python3.10/site-packages/day2/__pycache__/__init__.cpython-310.pyc
/home/rokey/rokey4_C1_ws/install/carbot/lib/python3.10/site-packages/day2/__pycache__/2_0_b_image_subscriber.cpython-310.pyc
/home/rokey/rokey4_C1_ws/install/carbot/lib/python3.10/site-packages/carbot/__pycache__/__init__.cpython-310.pyc
/home/rokey/rokey4_C1_ws/install/carbot/share/ament_index/resource_index/packages/carbot
/home/rokey/rokey4_C1_ws/install/carbot/share/carbot/package.xml
/home/rokey/rokey4_C1_ws/install/carbot/lib/python3.10/site-packages/carbot-0.0.0-py3.10.egg-info/SOURCES.txt
/home/rokey/rokey4_C1_ws/install/carbot/lib/python3.10/site-packages/carbot-0.0.0-py3.10.egg-info/entry_points.txt
/home/rokey/rokey4_C1_ws/install/carbot/lib/python3.10/site-packages/carbot-0.0.0-py3.10.egg-info/requires.txt
/home/rokey/rokey4_C1_ws/install/carbot/lib/python3.10/site-packages/carbot-0.0.0-py3.10.egg-info/PKG-INFO
/home/rokey/rokey4_C1_ws/install/carbot/lib/python3.10/site-packages/carbot-0.0.0-py3.10.egg-info/zip-safe
/home/rokey/rokey4_C1_ws/install/carbot/lib/python3.10/site-packages/carbot-0.0.0-py3.10.egg-info/dependency_links.txt
/home/rokey/rokey4_C1_ws/install/carbot/lib/python3.10/site-packages/carbot-0.0.0-py3.10.egg-info/top_level.txt
/home/rokey/rokey4_C1_ws/install/carbot/lib/carbot/cap_img
/home/rokey/rokey4_C1_ws/install/carbot/lib/carbot/com_yolo
/home/rokey/rokey4_C1_ws/install/carbot/lib/carbot/create_path
/home/rokey/rokey4_C1_ws/install/carbot/lib/carbot/depth_caculator
/home/rokey/rokey4_C1_ws/install/carbot/lib/carbot/depth_checker
/home/rokey/rokey4_C1_ws/install/carbot/lib/carbot/depth_checker_2
/home/rokey/rokey4_C1_ws/install/carbot/lib/carbot/depth_test
/home/rokey/rokey4_C1_ws/install/carbot/lib/carbot/depth_to_3d
/home/rokey/rokey4_C1_ws/install/carbot/lib/carbot/depth_to_3d_2
/home/rokey/rokey4_C1_ws/install/carbot/lib/carbot/depth_to_3d_ts
/home/rokey/rokey4_C1_ws/install/carbot/lib/carbot/depth_to_nav
/home/rokey/rokey4_C1_ws/install/carbot/lib/carbot/depth_to_nav_goal
/home/rokey/rokey4_C1_ws/install/carbot/lib/carbot/follow_waypoints
/home/rokey/rokey4_C1_ws/install/carbot/lib/carbot/mail_delivery
/home/rokey/rokey4_C1_ws/install/carbot/lib/carbot/nav_through_pose
/home/rokey/rokey4_C1_ws/install/carbot/lib/carbot/nav_to_car
/home/rokey/rokey4_C1_ws/install/carbot/lib/carbot/nav_to_person
/home/rokey/rokey4_C1_ws/install/carbot/lib/carbot/nav_to_pose
/home/rokey/rokey4_C1_ws/install/carbot/lib/carbot/obj_det
/home/rokey/rokey4_C1_ws/install/carbot/lib/carbot/obj_det_thread
/home/rokey/rokey4_C1_ws/install/carbot/lib/carbot/obj_det_track
/home/rokey/rokey4_C1_ws/install/carbot/lib/carbot/obj_det_wc
/home/rokey/rokey4_C1_ws/install/carbot/lib/carbot/patrol_loop
/home/rokey/rokey4_C1_ws/install/carbot/lib/carbot/pub_data
/home/rokey/rokey4_C1_ws/install/carbot/lib/carbot/pub_image
/home/rokey/rokey4_C1_ws/install/carbot/lib/carbot/show_data
/home/rokey/rokey4_C1_ws/install/carbot/lib/carbot/show_image
/home/rokey/rokey4_C1_ws/install/carbot/lib/carbot/test
/home/rokey/rokey4_C1_ws/install/carbot/lib/carbot/yolo_pub_wc
/home/rokey/rokey4_C1_ws/install/carbot/lib/carbot/yolo_sub_wc
