[0.065s] DEBUG:colcon:Command line arguments: ['/usr/bin/colcon', 'build']
[0.065s] DEBUG:colcon:Parsed command line arguments: Namespace(log_base=None, log_level=None, verb_name='build', build_base='build', install_base='install', merge_install=False, symlink_install=False, test_result_base=None, continue_on_error=False, executor='parallel', parallel_workers=20, event_handlers=None, ignore_user_meta=False, metas=['./colcon.meta'], base_paths=['.'], packages_ignore=None, packages_ignore_regex=None, paths=None, packages_up_to=None, packages_up_to_regex=None, packages_above=None, packages_above_and_dependencies=None, packages_above_depth=None, packages_select_by_dep=None, packages_skip_by_dep=None, packages_skip_up_to=None, packages_select_build_failed=False, packages_skip_build_finished=False, packages_select_test_failures=False, packages_skip_test_passed=False, packages_select=None, packages_skip=None, packages_select_regex=None, packages_skip_regex=None, packages_start=None, packages_end=None, allow_overriding=[], cmake_args=None, cmake_target=None, cmake_target_skip_unavailable=False, cmake_clean_cache=False, cmake_clean_first=False, cmake_force_configure=False, ament_cmake_args=None, catkin_cmake_args=None, catkin_skip_building_tests=False, mixin_files=None, mixin=None, verb_parser=<colcon_mixin.mixin.mixin_argument.MixinArgumentDecorator object at 0x7f6f52767550>, verb_extension=<colcon_core.verb.build.BuildVerb object at 0x7f6f528a8400>, main=<bound method BuildVerb.main of <colcon_core.verb.build.BuildVerb object at 0x7f6f528a8400>>, mixin_verb=('build',))
[0.165s] Level 1:colcon.colcon_core.package_discovery:discover_packages(colcon_meta) check parameters
[0.165s] Level 1:colcon.colcon_core.package_discovery:discover_packages(recursive) check parameters
[0.165s] Level 1:colcon.colcon_core.package_discovery:discover_packages(ignore) check parameters
[0.165s] Level 1:colcon.colcon_core.package_discovery:discover_packages(path) check parameters
[0.165s] Level 1:colcon.colcon_core.package_discovery:discover_packages(colcon_meta) discover
[0.165s] Level 1:colcon.colcon_core.package_discovery:discover_packages(recursive) discover
[0.165s] INFO:colcon.colcon_core.package_discovery:Crawling recursively for packages in '/home/rokey/rokey4_C1_ws'
[0.165s] Level 1:colcon.colcon_core.package_identification:_identify(.) by extensions ['ignore', 'ignore_ament_install']
[0.165s] Level 1:colcon.colcon_core.package_identification:_identify(.) by extension 'ignore'
[0.165s] Level 1:colcon.colcon_core.package_identification:_identify(.) by extension 'ignore_ament_install'
[0.165s] Level 1:colcon.colcon_core.package_identification:_identify(.) by extensions ['colcon_pkg']
[0.165s] Level 1:colcon.colcon_core.package_identification:_identify(.) by extension 'colcon_pkg'
[0.165s] Level 1:colcon.colcon_core.package_identification:_identify(.) by extensions ['colcon_meta']
[0.165s] Level 1:colcon.colcon_core.package_identification:_identify(.) by extension 'colcon_meta'
[0.165s] Level 1:colcon.colcon_core.package_identification:_identify(.) by extensions ['ros']
[0.165s] Level 1:colcon.colcon_core.package_identification:_identify(.) by extension 'ros'
[0.172s] Level 1:colcon.colcon_core.package_identification:_identify(.) by extensions ['cmake', 'python']
[0.172s] Level 1:colcon.colcon_core.package_identification:_identify(.) by extension 'cmake'
[0.172s] Level 1:colcon.colcon_core.package_identification:_identify(.) by extension 'python'
[0.172s] Level 1:colcon.colcon_core.package_identification:_identify(.) by extensions ['python_setup_py']
[0.172s] Level 1:colcon.colcon_core.package_identification:_identify(.) by extension 'python_setup_py'
[0.172s] Level 1:colcon.colcon_core.package_identification:_identify(build) by extensions ['ignore', 'ignore_ament_install']
[0.173s] Level 1:colcon.colcon_core.package_identification:_identify(build) by extension 'ignore'
[0.173s] Level 1:colcon.colcon_core.package_identification:_identify(build) ignored
[0.173s] Level 1:colcon.colcon_core.package_identification:_identify(img) by extensions ['ignore', 'ignore_ament_install']
[0.173s] Level 1:colcon.colcon_core.package_identification:_identify(img) by extension 'ignore'
[0.173s] Level 1:colcon.colcon_core.package_identification:_identify(img) by extension 'ignore_ament_install'
[0.173s] Level 1:colcon.colcon_core.package_identification:_identify(img) by extensions ['colcon_pkg']
[0.173s] Level 1:colcon.colcon_core.package_identification:_identify(img) by extension 'colcon_pkg'
[0.173s] Level 1:colcon.colcon_core.package_identification:_identify(img) by extensions ['colcon_meta']
[0.173s] Level 1:colcon.colcon_core.package_identification:_identify(img) by extension 'colcon_meta'
[0.173s] Level 1:colcon.colcon_core.package_identification:_identify(img) by extensions ['ros']
[0.173s] Level 1:colcon.colcon_core.package_identification:_identify(img) by extension 'ros'
[0.173s] Level 1:colcon.colcon_core.package_identification:_identify(img) by extensions ['cmake', 'python']
[0.173s] Level 1:colcon.colcon_core.package_identification:_identify(img) by extension 'cmake'
[0.173s] Level 1:colcon.colcon_core.package_identification:_identify(img) by extension 'python'
[0.173s] Level 1:colcon.colcon_core.package_identification:_identify(img) by extensions ['python_setup_py']
[0.173s] Level 1:colcon.colcon_core.package_identification:_identify(img) by extension 'python_setup_py'
[0.173s] Level 1:colcon.colcon_core.package_identification:_identify(install) by extensions ['ignore', 'ignore_ament_install']
[0.173s] Level 1:colcon.colcon_core.package_identification:_identify(install) by extension 'ignore'
[0.173s] Level 1:colcon.colcon_core.package_identification:_identify(install) ignored
[0.173s] Level 1:colcon.colcon_core.package_identification:_identify(label_img) by extensions ['ignore', 'ignore_ament_install']
[0.173s] Level 1:colcon.colcon_core.package_identification:_identify(label_img) by extension 'ignore'
[0.173s] Level 1:colcon.colcon_core.package_identification:_identify(label_img) by extension 'ignore_ament_install'
[0.173s] Level 1:colcon.colcon_core.package_identification:_identify(label_img) by extensions ['colcon_pkg']
[0.173s] Level 1:colcon.colcon_core.package_identification:_identify(label_img) by extension 'colcon_pkg'
[0.173s] Level 1:colcon.colcon_core.package_identification:_identify(label_img) by extensions ['colcon_meta']
[0.173s] Level 1:colcon.colcon_core.package_identification:_identify(label_img) by extension 'colcon_meta'
[0.173s] Level 1:colcon.colcon_core.package_identification:_identify(label_img) by extensions ['ros']
[0.173s] Level 1:colcon.colcon_core.package_identification:_identify(label_img) by extension 'ros'
[0.173s] Level 1:colcon.colcon_core.package_identification:_identify(label_img) by extensions ['cmake', 'python']
[0.173s] Level 1:colcon.colcon_core.package_identification:_identify(label_img) by extension 'cmake'
[0.173s] Level 1:colcon.colcon_core.package_identification:_identify(label_img) by extension 'python'
[0.173s] Level 1:colcon.colcon_core.package_identification:_identify(label_img) by extensions ['python_setup_py']
[0.173s] Level 1:colcon.colcon_core.package_identification:_identify(label_img) by extension 'python_setup_py'
[0.173s] Level 1:colcon.colcon_core.package_identification:_identify(log) by extensions ['ignore', 'ignore_ament_install']
[0.173s] Level 1:colcon.colcon_core.package_identification:_identify(log) by extension 'ignore'
[0.174s] Level 1:colcon.colcon_core.package_identification:_identify(log) ignored
[0.174s] Level 1:colcon.colcon_core.package_identification:_identify(my_data) by extensions ['ignore', 'ignore_ament_install']
[0.174s] Level 1:colcon.colcon_core.package_identification:_identify(my_data) by extension 'ignore'
[0.174s] Level 1:colcon.colcon_core.package_identification:_identify(my_data) by extension 'ignore_ament_install'
[0.174s] Level 1:colcon.colcon_core.package_identification:_identify(my_data) by extensions ['colcon_pkg']
[0.174s] Level 1:colcon.colcon_core.package_identification:_identify(my_data) by extension 'colcon_pkg'
[0.174s] Level 1:colcon.colcon_core.package_identification:_identify(my_data) by extensions ['colcon_meta']
[0.174s] Level 1:colcon.colcon_core.package_identification:_identify(my_data) by extension 'colcon_meta'
[0.174s] Level 1:colcon.colcon_core.package_identification:_identify(my_data) by extensions ['ros']
[0.174s] Level 1:colcon.colcon_core.package_identification:_identify(my_data) by extension 'ros'
[0.174s] Level 1:colcon.colcon_core.package_identification:_identify(my_data) by extensions ['cmake', 'python']
[0.174s] Level 1:colcon.colcon_core.package_identification:_identify(my_data) by extension 'cmake'
[0.174s] Level 1:colcon.colcon_core.package_identification:_identify(my_data) by extension 'python'
[0.174s] Level 1:colcon.colcon_core.package_identification:_identify(my_data) by extensions ['python_setup_py']
[0.174s] Level 1:colcon.colcon_core.package_identification:_identify(my_data) by extension 'python_setup_py'
[0.174s] Level 1:colcon.colcon_core.package_identification:_identify(my_data/test) by extensions ['ignore', 'ignore_ament_install']
[0.174s] Level 1:colcon.colcon_core.package_identification:_identify(my_data/test) by extension 'ignore'
[0.174s] Level 1:colcon.colcon_core.package_identification:_identify(my_data/test) by extension 'ignore_ament_install'
[0.174s] Level 1:colcon.colcon_core.package_identification:_identify(my_data/test) by extensions ['colcon_pkg']
[0.174s] Level 1:colcon.colcon_core.package_identification:_identify(my_data/test) by extension 'colcon_pkg'
[0.174s] Level 1:colcon.colcon_core.package_identification:_identify(my_data/test) by extensions ['colcon_meta']
[0.174s] Level 1:colcon.colcon_core.package_identification:_identify(my_data/test) by extension 'colcon_meta'
[0.174s] Level 1:colcon.colcon_core.package_identification:_identify(my_data/test) by extensions ['ros']
[0.174s] Level 1:colcon.colcon_core.package_identification:_identify(my_data/test) by extension 'ros'
[0.174s] Level 1:colcon.colcon_core.package_identification:_identify(my_data/test) by extensions ['cmake', 'python']
[0.174s] Level 1:colcon.colcon_core.package_identification:_identify(my_data/test) by extension 'cmake'
[0.174s] Level 1:colcon.colcon_core.package_identification:_identify(my_data/test) by extension 'python'
[0.174s] Level 1:colcon.colcon_core.package_identification:_identify(my_data/test) by extensions ['python_setup_py']
[0.174s] Level 1:colcon.colcon_core.package_identification:_identify(my_data/test) by extension 'python_setup_py'
[0.174s] Level 1:colcon.colcon_core.package_identification:_identify(my_data/train) by extensions ['ignore', 'ignore_ament_install']
[0.174s] Level 1:colcon.colcon_core.package_identification:_identify(my_data/train) by extension 'ignore'
[0.174s] Level 1:colcon.colcon_core.package_identification:_identify(my_data/train) by extension 'ignore_ament_install'
[0.174s] Level 1:colcon.colcon_core.package_identification:_identify(my_data/train) by extensions ['colcon_pkg']
[0.174s] Level 1:colcon.colcon_core.package_identification:_identify(my_data/train) by extension 'colcon_pkg'
[0.174s] Level 1:colcon.colcon_core.package_identification:_identify(my_data/train) by extensions ['colcon_meta']
[0.174s] Level 1:colcon.colcon_core.package_identification:_identify(my_data/train) by extension 'colcon_meta'
[0.174s] Level 1:colcon.colcon_core.package_identification:_identify(my_data/train) by extensions ['ros']
[0.174s] Level 1:colcon.colcon_core.package_identification:_identify(my_data/train) by extension 'ros'
[0.174s] Level 1:colcon.colcon_core.package_identification:_identify(my_data/train) by extensions ['cmake', 'python']
[0.174s] Level 1:colcon.colcon_core.package_identification:_identify(my_data/train) by extension 'cmake'
[0.174s] Level 1:colcon.colcon_core.package_identification:_identify(my_data/train) by extension 'python'
[0.174s] Level 1:colcon.colcon_core.package_identification:_identify(my_data/train) by extensions ['python_setup_py']
[0.174s] Level 1:colcon.colcon_core.package_identification:_identify(my_data/train) by extension 'python_setup_py'
[0.175s] Level 1:colcon.colcon_core.package_identification:_identify(my_data/train/img) by extensions ['ignore', 'ignore_ament_install']
[0.175s] Level 1:colcon.colcon_core.package_identification:_identify(my_data/train/img) by extension 'ignore'
[0.175s] Level 1:colcon.colcon_core.package_identification:_identify(my_data/train/img) by extension 'ignore_ament_install'
[0.175s] Level 1:colcon.colcon_core.package_identification:_identify(my_data/train/img) by extensions ['colcon_pkg']
[0.175s] Level 1:colcon.colcon_core.package_identification:_identify(my_data/train/img) by extension 'colcon_pkg'
[0.175s] Level 1:colcon.colcon_core.package_identification:_identify(my_data/train/img) by extensions ['colcon_meta']
[0.175s] Level 1:colcon.colcon_core.package_identification:_identify(my_data/train/img) by extension 'colcon_meta'
[0.175s] Level 1:colcon.colcon_core.package_identification:_identify(my_data/train/img) by extensions ['ros']
[0.175s] Level 1:colcon.colcon_core.package_identification:_identify(my_data/train/img) by extension 'ros'
[0.175s] Level 1:colcon.colcon_core.package_identification:_identify(my_data/train/img) by extensions ['cmake', 'python']
[0.175s] Level 1:colcon.colcon_core.package_identification:_identify(my_data/train/img) by extension 'cmake'
[0.175s] Level 1:colcon.colcon_core.package_identification:_identify(my_data/train/img) by extension 'python'
[0.175s] Level 1:colcon.colcon_core.package_identification:_identify(my_data/train/img) by extensions ['python_setup_py']
[0.175s] Level 1:colcon.colcon_core.package_identification:_identify(my_data/train/img) by extension 'python_setup_py'
[0.175s] Level 1:colcon.colcon_core.package_identification:_identify(my_data/train/label) by extensions ['ignore', 'ignore_ament_install']
[0.175s] Level 1:colcon.colcon_core.package_identification:_identify(my_data/train/label) by extension 'ignore'
[0.175s] Level 1:colcon.colcon_core.package_identification:_identify(my_data/train/label) by extension 'ignore_ament_install'
[0.175s] Level 1:colcon.colcon_core.package_identification:_identify(my_data/train/label) by extensions ['colcon_pkg']
[0.175s] Level 1:colcon.colcon_core.package_identification:_identify(my_data/train/label) by extension 'colcon_pkg'
[0.175s] Level 1:colcon.colcon_core.package_identification:_identify(my_data/train/label) by extensions ['colcon_meta']
[0.175s] Level 1:colcon.colcon_core.package_identification:_identify(my_data/train/label) by extension 'colcon_meta'
[0.175s] Level 1:colcon.colcon_core.package_identification:_identify(my_data/train/label) by extensions ['ros']
[0.175s] Level 1:colcon.colcon_core.package_identification:_identify(my_data/train/label) by extension 'ros'
[0.175s] Level 1:colcon.colcon_core.package_identification:_identify(my_data/train/label) by extensions ['cmake', 'python']
[0.175s] Level 1:colcon.colcon_core.package_identification:_identify(my_data/train/label) by extension 'cmake'
[0.175s] Level 1:colcon.colcon_core.package_identification:_identify(my_data/train/label) by extension 'python'
[0.175s] Level 1:colcon.colcon_core.package_identification:_identify(my_data/train/label) by extensions ['python_setup_py']
[0.175s] Level 1:colcon.colcon_core.package_identification:_identify(my_data/train/label) by extension 'python_setup_py'
[0.175s] Level 1:colcon.colcon_core.package_identification:_identify(my_data/valid) by extensions ['ignore', 'ignore_ament_install']
[0.175s] Level 1:colcon.colcon_core.package_identification:_identify(my_data/valid) by extension 'ignore'
[0.175s] Level 1:colcon.colcon_core.package_identification:_identify(my_data/valid) by extension 'ignore_ament_install'
[0.175s] Level 1:colcon.colcon_core.package_identification:_identify(my_data/valid) by extensions ['colcon_pkg']
[0.175s] Level 1:colcon.colcon_core.package_identification:_identify(my_data/valid) by extension 'colcon_pkg'
[0.175s] Level 1:colcon.colcon_core.package_identification:_identify(my_data/valid) by extensions ['colcon_meta']
[0.175s] Level 1:colcon.colcon_core.package_identification:_identify(my_data/valid) by extension 'colcon_meta'
[0.175s] Level 1:colcon.colcon_core.package_identification:_identify(my_data/valid) by extensions ['ros']
[0.175s] Level 1:colcon.colcon_core.package_identification:_identify(my_data/valid) by extension 'ros'
[0.175s] Level 1:colcon.colcon_core.package_identification:_identify(my_data/valid) by extensions ['cmake', 'python']
[0.175s] Level 1:colcon.colcon_core.package_identification:_identify(my_data/valid) by extension 'cmake'
[0.175s] Level 1:colcon.colcon_core.package_identification:_identify(my_data/valid) by extension 'python'
[0.175s] Level 1:colcon.colcon_core.package_identification:_identify(my_data/valid) by extensions ['python_setup_py']
[0.175s] Level 1:colcon.colcon_core.package_identification:_identify(my_data/valid) by extension 'python_setup_py'
[0.176s] Level 1:colcon.colcon_core.package_identification:_identify(my_data/valid/img) by extensions ['ignore', 'ignore_ament_install']
[0.176s] Level 1:colcon.colcon_core.package_identification:_identify(my_data/valid/img) by extension 'ignore'
[0.176s] Level 1:colcon.colcon_core.package_identification:_identify(my_data/valid/img) by extension 'ignore_ament_install'
[0.176s] Level 1:colcon.colcon_core.package_identification:_identify(my_data/valid/img) by extensions ['colcon_pkg']
[0.176s] Level 1:colcon.colcon_core.package_identification:_identify(my_data/valid/img) by extension 'colcon_pkg'
[0.176s] Level 1:colcon.colcon_core.package_identification:_identify(my_data/valid/img) by extensions ['colcon_meta']
[0.176s] Level 1:colcon.colcon_core.package_identification:_identify(my_data/valid/img) by extension 'colcon_meta'
[0.176s] Level 1:colcon.colcon_core.package_identification:_identify(my_data/valid/img) by extensions ['ros']
[0.176s] Level 1:colcon.colcon_core.package_identification:_identify(my_data/valid/img) by extension 'ros'
[0.176s] Level 1:colcon.colcon_core.package_identification:_identify(my_data/valid/img) by extensions ['cmake', 'python']
[0.176s] Level 1:colcon.colcon_core.package_identification:_identify(my_data/valid/img) by extension 'cmake'
[0.176s] Level 1:colcon.colcon_core.package_identification:_identify(my_data/valid/img) by extension 'python'
[0.176s] Level 1:colcon.colcon_core.package_identification:_identify(my_data/valid/img) by extensions ['python_setup_py']
[0.176s] Level 1:colcon.colcon_core.package_identification:_identify(my_data/valid/img) by extension 'python_setup_py'
[0.176s] Level 1:colcon.colcon_core.package_identification:_identify(my_data/valid/label) by extensions ['ignore', 'ignore_ament_install']
[0.176s] Level 1:colcon.colcon_core.package_identification:_identify(my_data/valid/label) by extension 'ignore'
[0.176s] Level 1:colcon.colcon_core.package_identification:_identify(my_data/valid/label) by extension 'ignore_ament_install'
[0.176s] Level 1:colcon.colcon_core.package_identification:_identify(my_data/valid/label) by extensions ['colcon_pkg']
[0.176s] Level 1:colcon.colcon_core.package_identification:_identify(my_data/valid/label) by extension 'colcon_pkg'
[0.176s] Level 1:colcon.colcon_core.package_identification:_identify(my_data/valid/label) by extensions ['colcon_meta']
[0.176s] Level 1:colcon.colcon_core.package_identification:_identify(my_data/valid/label) by extension 'colcon_meta'
[0.176s] Level 1:colcon.colcon_core.package_identification:_identify(my_data/valid/label) by extensions ['ros']
[0.176s] Level 1:colcon.colcon_core.package_identification:_identify(my_data/valid/label) by extension 'ros'
[0.176s] Level 1:colcon.colcon_core.package_identification:_identify(my_data/valid/label) by extensions ['cmake', 'python']
[0.176s] Level 1:colcon.colcon_core.package_identification:_identify(my_data/valid/label) by extension 'cmake'
[0.176s] Level 1:colcon.colcon_core.package_identification:_identify(my_data/valid/label) by extension 'python'
[0.176s] Level 1:colcon.colcon_core.package_identification:_identify(my_data/valid/label) by extensions ['python_setup_py']
[0.176s] Level 1:colcon.colcon_core.package_identification:_identify(my_data/valid/label) by extension 'python_setup_py'
[0.176s] Level 1:colcon.colcon_core.package_identification:_identify(src) by extensions ['ignore', 'ignore_ament_install']
[0.176s] Level 1:colcon.colcon_core.package_identification:_identify(src) by extension 'ignore'
[0.176s] Level 1:colcon.colcon_core.package_identification:_identify(src) by extension 'ignore_ament_install'
[0.176s] Level 1:colcon.colcon_core.package_identification:_identify(src) by extensions ['colcon_pkg']
[0.176s] Level 1:colcon.colcon_core.package_identification:_identify(src) by extension 'colcon_pkg'
[0.176s] Level 1:colcon.colcon_core.package_identification:_identify(src) by extensions ['colcon_meta']
[0.176s] Level 1:colcon.colcon_core.package_identification:_identify(src) by extension 'colcon_meta'
[0.176s] Level 1:colcon.colcon_core.package_identification:_identify(src) by extensions ['ros']
[0.176s] Level 1:colcon.colcon_core.package_identification:_identify(src) by extension 'ros'
[0.176s] Level 1:colcon.colcon_core.package_identification:_identify(src) by extensions ['cmake', 'python']
[0.176s] Level 1:colcon.colcon_core.package_identification:_identify(src) by extension 'cmake'
[0.176s] Level 1:colcon.colcon_core.package_identification:_identify(src) by extension 'python'
[0.176s] Level 1:colcon.colcon_core.package_identification:_identify(src) by extensions ['python_setup_py']
[0.176s] Level 1:colcon.colcon_core.package_identification:_identify(src) by extension 'python_setup_py'
[0.176s] Level 1:colcon.colcon_core.package_identification:_identify(src/carbot) by extensions ['ignore', 'ignore_ament_install']
[0.177s] Level 1:colcon.colcon_core.package_identification:_identify(src/carbot) by extension 'ignore'
[0.177s] Level 1:colcon.colcon_core.package_identification:_identify(src/carbot) by extension 'ignore_ament_install'
[0.177s] Level 1:colcon.colcon_core.package_identification:_identify(src/carbot) by extensions ['colcon_pkg']
[0.177s] Level 1:colcon.colcon_core.package_identification:_identify(src/carbot) by extension 'colcon_pkg'
[0.177s] Level 1:colcon.colcon_core.package_identification:_identify(src/carbot) by extensions ['colcon_meta']
[0.177s] Level 1:colcon.colcon_core.package_identification:_identify(src/carbot) by extension 'colcon_meta'
[0.177s] Level 1:colcon.colcon_core.package_identification:_identify(src/carbot) by extensions ['ros']
[0.177s] Level 1:colcon.colcon_core.package_identification:_identify(src/carbot) by extension 'ros'
[0.183s] DEBUG:colcon.colcon_core.package_identification:Package 'src/carbot' with type 'ros.ament_python' and name 'carbot'
[0.183s] Level 1:colcon.colcon_core.package_discovery:discover_packages(recursive) using defaults
[0.183s] Level 1:colcon.colcon_core.package_discovery:discover_packages(ignore) discover
[0.183s] Level 1:colcon.colcon_core.package_discovery:discover_packages(ignore) using defaults
[0.183s] Level 1:colcon.colcon_core.package_discovery:discover_packages(path) discover
[0.183s] Level 1:colcon.colcon_core.package_discovery:discover_packages(path) using defaults
[0.194s] Level 1:colcon.colcon_core.package_discovery:discover_packages(prefix_path) check parameters
[0.195s] Level 1:colcon.colcon_core.package_discovery:discover_packages(prefix_path) discover
[0.195s] DEBUG:colcon.colcon_installed_package_information.package_discovery:Found 1 installed packages in /home/rokey/rokey4_C1_ws/install
[0.196s] DEBUG:colcon.colcon_installed_package_information.package_discovery:Found 387 installed packages in /opt/ros/humble
[0.197s] Level 1:colcon.colcon_core.package_discovery:discover_packages(prefix_path) using defaults
[0.222s] Level 5:colcon.colcon_core.verb:set package 'carbot' build argument 'cmake_args' from command line to 'None'
[0.222s] Level 5:colcon.colcon_core.verb:set package 'carbot' build argument 'cmake_target' from command line to 'None'
[0.222s] Level 5:colcon.colcon_core.verb:set package 'carbot' build argument 'cmake_target_skip_unavailable' from command line to 'False'
[0.222s] Level 5:colcon.colcon_core.verb:set package 'carbot' build argument 'cmake_clean_cache' from command line to 'False'
[0.222s] Level 5:colcon.colcon_core.verb:set package 'carbot' build argument 'cmake_clean_first' from command line to 'False'
[0.222s] Level 5:colcon.colcon_core.verb:set package 'carbot' build argument 'cmake_force_configure' from command line to 'False'
[0.222s] Level 5:colcon.colcon_core.verb:set package 'carbot' build argument 'ament_cmake_args' from command line to 'None'
[0.222s] Level 5:colcon.colcon_core.verb:set package 'carbot' build argument 'catkin_cmake_args' from command line to 'None'
[0.222s] Level 5:colcon.colcon_core.verb:set package 'carbot' build argument 'catkin_skip_building_tests' from command line to 'False'
[0.222s] DEBUG:colcon.colcon_core.verb:Building package 'carbot' with the following arguments: {'ament_cmake_args': None, 'build_base': '/home/rokey/rokey4_C1_ws/build/carbot', 'catkin_cmake_args': None, 'catkin_skip_building_tests': False, 'cmake_args': None, 'cmake_clean_cache': False, 'cmake_clean_first': False, 'cmake_force_configure': False, 'cmake_target': None, 'cmake_target_skip_unavailable': False, 'install_base': '/home/rokey/rokey4_C1_ws/install/carbot', 'merge_install': False, 'path': '/home/rokey/rokey4_C1_ws/src/carbot', 'symlink_install': False, 'test_result_base': None}
[0.222s] INFO:colcon.colcon_core.executor:Executing jobs using 'parallel' executor
[0.223s] DEBUG:colcon.colcon_parallel_executor.executor.parallel:run_until_complete
[0.223s] INFO:colcon.colcon_ros.task.ament_python.build:Building ROS package in '/home/rokey/rokey4_C1_ws/src/carbot' with build type 'ament_python'
[0.223s] Level 1:colcon.colcon_core.shell:create_environment_hook('carbot', 'ament_prefix_path')
[0.224s] INFO:colcon.colcon_core.plugin_system:Skipping extension 'colcon_core.shell.bat': Not used on non-Windows systems
[0.224s] INFO:colcon.colcon_core.shell:Creating environment hook '/home/rokey/rokey4_C1_ws/install/carbot/share/carbot/hook/ament_prefix_path.ps1'
[0.225s] INFO:colcon.colcon_core.shell:Creating environment descriptor '/home/rokey/rokey4_C1_ws/install/carbot/share/carbot/hook/ament_prefix_path.dsv'
[0.225s] INFO:colcon.colcon_core.shell:Creating environment hook '/home/rokey/rokey4_C1_ws/install/carbot/share/carbot/hook/ament_prefix_path.sh'
[0.225s] INFO:colcon.colcon_core.shell:Skip shell extension 'powershell' for command environment: Not usable outside of PowerShell
[0.225s] DEBUG:colcon.colcon_core.shell:Skip shell extension 'dsv' for command environment
[0.378s] INFO:colcon.colcon_core.task.python.build:Building Python package in '/home/rokey/rokey4_C1_ws/src/carbot'
[0.379s] INFO:colcon.colcon_core.shell:Skip shell extension 'powershell' for command environment: Not usable outside of PowerShell
[0.379s] DEBUG:colcon.colcon_core.shell:Skip shell extension 'dsv' for command environment
[0.589s] DEBUG:colcon.colcon_core.event_handler.log_command:Invoking command in '/home/rokey/rokey4_C1_ws/src/carbot': PYTHONPATH=/home/rokey/rokey4_C1_ws/build/carbot/prefix_override:/usr/lib/python3/dist-packages/colcon_core/task/python/colcon_distutils_commands:/home/rokey/rokey4_C1_ws/install/carbot/lib/python3.10/site-packages:${PYTHONPATH} /usr/bin/python3 -W ignore:setup.py install is deprecated -W ignore:easy_install command is deprecated setup.py egg_info --egg-base ../../build/carbot build --build-base /home/rokey/rokey4_C1_ws/build/carbot/build install --record /home/rokey/rokey4_C1_ws/build/carbot/install.log --single-version-externally-managed install_data
[0.762s] DEBUG:colcon.colcon_core.event_handler.log_command:Invoked command in '/home/rokey/rokey4_C1_ws/src/carbot' returned '0': PYTHONPATH=/home/rokey/rokey4_C1_ws/build/carbot/prefix_override:/usr/lib/python3/dist-packages/colcon_core/task/python/colcon_distutils_commands:/home/rokey/rokey4_C1_ws/install/carbot/lib/python3.10/site-packages:${PYTHONPATH} /usr/bin/python3 -W ignore:setup.py install is deprecated -W ignore:easy_install command is deprecated setup.py egg_info --egg-base ../../build/carbot build --build-base /home/rokey/rokey4_C1_ws/build/carbot/build install --record /home/rokey/rokey4_C1_ws/build/carbot/install.log --single-version-externally-managed install_data
[0.763s] Level 1:colcon.colcon_core.environment:checking '/home/rokey/rokey4_C1_ws/install/carbot' for CMake module files
[0.763s] Level 1:colcon.colcon_core.environment:checking '/home/rokey/rokey4_C1_ws/install/carbot' for CMake config files
[0.764s] Level 1:colcon.colcon_core.environment:checking '/home/rokey/rokey4_C1_ws/install/carbot/lib'
[0.764s] Level 1:colcon.colcon_core.environment:checking '/home/rokey/rokey4_C1_ws/install/carbot/bin'
[0.764s] Level 1:colcon.colcon_core.environment:checking '/home/rokey/rokey4_C1_ws/install/carbot/lib/pkgconfig/carbot.pc'
[0.764s] Level 1:colcon.colcon_core.environment:checking '/home/rokey/rokey4_C1_ws/install/carbot/lib/python3.10/site-packages'
[0.764s] Level 1:colcon.colcon_core.shell:create_environment_hook('carbot', 'pythonpath')
[0.764s] INFO:colcon.colcon_core.shell:Creating environment hook '/home/rokey/rokey4_C1_ws/install/carbot/share/carbot/hook/pythonpath.ps1'
[0.764s] INFO:colcon.colcon_core.shell:Creating environment descriptor '/home/rokey/rokey4_C1_ws/install/carbot/share/carbot/hook/pythonpath.dsv'
[0.765s] INFO:colcon.colcon_core.shell:Creating environment hook '/home/rokey/rokey4_C1_ws/install/carbot/share/carbot/hook/pythonpath.sh'
[0.765s] Level 1:colcon.colcon_core.environment:checking '/home/rokey/rokey4_C1_ws/install/carbot/bin'
[0.765s] Level 1:colcon.colcon_core.environment:create_environment_scripts_only(carbot)
[0.765s] INFO:colcon.colcon_core.shell:Creating package script '/home/rokey/rokey4_C1_ws/install/carbot/share/carbot/package.ps1'
[0.766s] INFO:colcon.colcon_core.shell:Creating package descriptor '/home/rokey/rokey4_C1_ws/install/carbot/share/carbot/package.dsv'
[0.766s] INFO:colcon.colcon_core.shell:Creating package script '/home/rokey/rokey4_C1_ws/install/carbot/share/carbot/package.sh'
[0.766s] INFO:colcon.colcon_core.shell:Creating package script '/home/rokey/rokey4_C1_ws/install/carbot/share/carbot/package.bash'
[0.767s] INFO:colcon.colcon_core.shell:Creating package script '/home/rokey/rokey4_C1_ws/install/carbot/share/carbot/package.zsh'
[0.767s] Level 1:colcon.colcon_core.environment:create_file_with_runtime_dependencies(/home/rokey/rokey4_C1_ws/install/carbot/share/colcon-core/packages/carbot)
[0.767s] DEBUG:colcon.colcon_parallel_executor.executor.parallel:closing loop
[0.767s] DEBUG:colcon.colcon_parallel_executor.executor.parallel:loop closed
[0.767s] DEBUG:colcon.colcon_parallel_executor.executor.parallel:run_until_complete finished with '0'
[0.767s] DEBUG:colcon.colcon_core.event_reactor:joining thread
[0.770s] INFO:colcon.colcon_core.plugin_system:Skipping extension 'colcon_notification.desktop_notification.terminal_notifier': Not used on non-Darwin systems
[0.770s] INFO:colcon.colcon_core.plugin_system:Skipping extension 'colcon_notification.desktop_notification.win32': Not used on non-Windows systems
[0.770s] INFO:colcon.colcon_notification.desktop_notification:Sending desktop notification using 'notify2'
[0.779s] DEBUG:colcon.colcon_core.event_reactor:joined thread
[0.779s] INFO:colcon.colcon_core.shell:Creating prefix script '/home/rokey/rokey4_C1_ws/install/local_setup.ps1'
[0.779s] INFO:colcon.colcon_core.shell:Creating prefix util module '/home/rokey/rokey4_C1_ws/install/_local_setup_util_ps1.py'
[0.780s] INFO:colcon.colcon_core.shell:Creating prefix chain script '/home/rokey/rokey4_C1_ws/install/setup.ps1'
[0.780s] INFO:colcon.colcon_core.shell:Creating prefix script '/home/rokey/rokey4_C1_ws/install/local_setup.sh'
[0.781s] INFO:colcon.colcon_core.shell:Creating prefix util module '/home/rokey/rokey4_C1_ws/install/_local_setup_util_sh.py'
[0.781s] INFO:colcon.colcon_core.shell:Creating prefix chain script '/home/rokey/rokey4_C1_ws/install/setup.sh'
[0.782s] INFO:colcon.colcon_core.shell:Creating prefix script '/home/rokey/rokey4_C1_ws/install/local_setup.bash'
[0.782s] INFO:colcon.colcon_core.shell:Creating prefix chain script '/home/rokey/rokey4_C1_ws/install/setup.bash'
[0.782s] INFO:colcon.colcon_core.shell:Creating prefix script '/home/rokey/rokey4_C1_ws/install/local_setup.zsh'
[0.783s] INFO:colcon.colcon_core.shell:Creating prefix chain script '/home/rokey/rokey4_C1_ws/install/setup.zsh'
