[0.399s] Invoking command in '/home/rokey/rokey4_C1_ws/src/carbot': PYTHONPATH=/home/rokey/rokey4_C1_ws/build/carbot/prefix_override:/usr/lib/python3/dist-packages/colcon_core/task/python/colcon_distutils_commands:/home/rokey/rokey4_C1_ws/install/carbot/lib/python3.10/site-packages:${PYTHONPATH} /usr/bin/python3 -W ignore:setup.py install is deprecated -W ignore:easy_install command is deprecated setup.py egg_info --egg-base ../../build/carbot build --build-base /home/rokey/rokey4_C1_ws/build/carbot/build install --record /home/rokey/rokey4_C1_ws/build/carbot/install.log --single-version-externally-managed install_data
[0.546s] running egg_info
[0.546s] writing ../../build/carbot/carbot.egg-info/PKG-INFO
[0.546s] writing dependency_links to ../../build/carbot/carbot.egg-info/dependency_links.txt
[0.546s] writing entry points to ../../build/carbot/carbot.egg-info/entry_points.txt
[0.546s] writing requirements to ../../build/carbot/carbot.egg-info/requires.txt
[0.546s] writing top-level names to ../../build/carbot/carbot.egg-info/top_level.txt
[0.547s] reading manifest file '../../build/carbot/carbot.egg-info/SOURCES.txt'
[0.548s] writing manifest file '../../build/carbot/carbot.egg-info/SOURCES.txt'
[0.548s] running build
[0.548s] running build_py
[0.549s] copying day2/3_3_d_nav_to_car.py -> /home/rokey/rokey4_C1_ws/build/carbot/build/lib/day2
[0.550s] running install
[0.550s] running install_lib
[0.550s] copying /home/rokey/rokey4_C1_ws/build/carbot/build/lib/day2/3_3_d_nav_to_car.py -> /home/rokey/rokey4_C1_ws/install/carbot/lib/python3.10/site-packages/day2
[0.551s] byte-compiling /home/rokey/rokey4_C1_ws/install/carbot/lib/python3.10/site-packages/day2/3_3_d_nav_to_car.py to 3_3_d_nav_to_car.cpython-310.pyc
[0.552s] running install_data
[0.552s] running install_egg_info
[0.554s] removing '/home/rokey/rokey4_C1_ws/install/carbot/lib/python3.10/site-packages/carbot-0.0.0-py3.10.egg-info' (and everything under it)
[0.554s] Copying ../../build/carbot/carbot.egg-info to /home/rokey/rokey4_C1_ws/install/carbot/lib/python3.10/site-packages/carbot-0.0.0-py3.10.egg-info
[0.554s] running install_scripts
[0.568s] Installing cap_img script to /home/rokey/rokey4_C1_ws/install/carbot/lib/carbot
[0.568s] Installing com_yolo script to /home/rokey/rokey4_C1_ws/install/carbot/lib/carbot
[0.568s] Installing create_path script to /home/rokey/rokey4_C1_ws/install/carbot/lib/carbot
[0.568s] Installing depth_caculator script to /home/rokey/rokey4_C1_ws/install/carbot/lib/carbot
[0.568s] Installing depth_checker script to /home/rokey/rokey4_C1_ws/install/carbot/lib/carbot
[0.568s] Installing depth_checker_2 script to /home/rokey/rokey4_C1_ws/install/carbot/lib/carbot
[0.568s] Installing depth_test script to /home/rokey/rokey4_C1_ws/install/carbot/lib/carbot
[0.568s] Installing depth_to_3d script to /home/rokey/rokey4_C1_ws/install/carbot/lib/carbot
[0.568s] Installing depth_to_3d_2 script to /home/rokey/rokey4_C1_ws/install/carbot/lib/carbot
[0.568s] Installing depth_to_3d_ts script to /home/rokey/rokey4_C1_ws/install/carbot/lib/carbot
[0.568s] Installing depth_to_nav script to /home/rokey/rokey4_C1_ws/install/carbot/lib/carbot
[0.568s] Installing depth_to_nav_goal script to /home/rokey/rokey4_C1_ws/install/carbot/lib/carbot
[0.568s] Installing follow_waypoints script to /home/rokey/rokey4_C1_ws/install/carbot/lib/carbot
[0.568s] Installing mail_delivery script to /home/rokey/rokey4_C1_ws/install/carbot/lib/carbot
[0.568s] Installing nav_through_pose script to /home/rokey/rokey4_C1_ws/install/carbot/lib/carbot
[0.568s] Installing nav_to_car script to /home/rokey/rokey4_C1_ws/install/carbot/lib/carbot
[0.568s] Installing nav_to_person script to /home/rokey/rokey4_C1_ws/install/carbot/lib/carbot
[0.568s] Installing nav_to_pose script to /home/rokey/rokey4_C1_ws/install/carbot/lib/carbot
[0.568s] Installing obj_det script to /home/rokey/rokey4_C1_ws/install/carbot/lib/carbot
[0.568s] Installing obj_det_thread script to /home/rokey/rokey4_C1_ws/install/carbot/lib/carbot
[0.568s] Installing obj_det_track script to /home/rokey/rokey4_C1_ws/install/carbot/lib/carbot
[0.568s] Installing obj_det_wc script to /home/rokey/rokey4_C1_ws/install/carbot/lib/carbot
[0.568s] Installing patrol_loop script to /home/rokey/rokey4_C1_ws/install/carbot/lib/carbot
[0.569s] Installing pub_data script to /home/rokey/rokey4_C1_ws/install/carbot/lib/carbot
[0.569s] Installing pub_image script to /home/rokey/rokey4_C1_ws/install/carbot/lib/carbot
[0.569s] Installing show_data script to /home/rokey/rokey4_C1_ws/install/carbot/lib/carbot
[0.569s] Installing show_image script to /home/rokey/rokey4_C1_ws/install/carbot/lib/carbot
[0.569s] Installing test script to /home/rokey/rokey4_C1_ws/install/carbot/lib/carbot
[0.569s] Installing yolo_pub_wc script to /home/rokey/rokey4_C1_ws/install/carbot/lib/carbot
[0.569s] Installing yolo_sub_wc script to /home/rokey/rokey4_C1_ws/install/carbot/lib/carbot
[0.569s] writing list of installed files to '/home/rokey/rokey4_C1_ws/build/carbot/install.log'
[0.584s] Invoked command in '/home/rokey/rokey4_C1_ws/src/carbot' returned '0': PYTHONPATH=/home/rokey/rokey4_C1_ws/build/carbot/prefix_override:/usr/lib/python3/dist-packages/colcon_core/task/python/colcon_distutils_commands:/home/rokey/rokey4_C1_ws/install/carbot/lib/python3.10/site-packages:${PYTHONPATH} /usr/bin/python3 -W ignore:setup.py install is deprecated -W ignore:easy_install command is deprecated setup.py egg_info --egg-base ../../build/carbot build --build-base /home/rokey/rokey4_C1_ws/build/carbot/build install --record /home/rokey/rokey4_C1_ws/build/carbot/install.log --single-version-externally-managed install_data
