running egg_info
writing ../../build/carbot/carbot.egg-info/PKG-INFO
writing dependency_links to ../../build/carbot/carbot.egg-info/dependency_links.txt
writing entry points to ../../build/carbot/carbot.egg-info/entry_points.txt
writing requirements to ../../build/carbot/carbot.egg-info/requires.txt
writing top-level names to ../../build/carbot/carbot.egg-info/top_level.txt
reading manifest file '../../build/carbot/carbot.egg-info/SOURCES.txt'
writing manifest file '../../build/carbot/carbot.egg-info/SOURCES.txt'
running build
running build_py
creating /home/rokey/rokey4_C1_ws/build/carbot/build/lib/day2
copying day2/2_0_d_data_subscriber.py -> /home/rokey/rokey4_C1_ws/build/carbot/build/lib/day2
copying day2/2_0_c_data_publisher.py -> /home/rokey/rokey4_C1_ws/build/carbot/build/lib/day2
copying day2/2_0_a_image_publisher.py -> /home/rokey/rokey4_C1_ws/build/carbot/build/lib/day2
copying day2/__init__.py -> /home/rokey/rokey4_C1_ws/build/carbot/build/lib/day2
copying day2/2_0_b_image_subscriber.py -> /home/rokey/rokey4_C1_ws/build/carbot/build/lib/day2
running install
running install_lib
creating /home/rokey/rokey4_C1_ws/install/carbot/lib/python3.10/site-packages/day2
copying /home/rokey/rokey4_C1_ws/build/carbot/build/lib/day2/2_0_d_data_subscriber.py -> /home/rokey/rokey4_C1_ws/install/carbot/lib/python3.10/site-packages/day2
copying /home/rokey/rokey4_C1_ws/build/carbot/build/lib/day2/2_0_c_data_publisher.py -> /home/rokey/rokey4_C1_ws/install/carbot/lib/python3.10/site-packages/day2
copying /home/rokey/rokey4_C1_ws/build/carbot/build/lib/day2/2_0_a_image_publisher.py -> /home/rokey/rokey4_C1_ws/install/carbot/lib/python3.10/site-packages/day2
copying /home/rokey/rokey4_C1_ws/build/carbot/build/lib/day2/__init__.py -> /home/rokey/rokey4_C1_ws/install/carbot/lib/python3.10/site-packages/day2
copying /home/rokey/rokey4_C1_ws/build/carbot/build/lib/day2/2_0_b_image_subscriber.py -> /home/rokey/rokey4_C1_ws/install/carbot/lib/python3.10/site-packages/day2
byte-compiling /home/rokey/rokey4_C1_ws/install/carbot/lib/python3.10/site-packages/day2/2_0_d_data_subscriber.py to 2_0_d_data_subscriber.cpython-310.pyc
byte-compiling /home/rokey/rokey4_C1_ws/install/carbot/lib/python3.10/site-packages/day2/2_0_c_data_publisher.py to 2_0_c_data_publisher.cpython-310.pyc
byte-compiling /home/rokey/rokey4_C1_ws/install/carbot/lib/python3.10/site-packages/day2/2_0_a_image_publisher.py to 2_0_a_image_publisher.cpython-310.pyc
byte-compiling /home/rokey/rokey4_C1_ws/install/carbot/lib/python3.10/site-packages/day2/__init__.py to __init__.cpython-310.pyc
byte-compiling /home/rokey/rokey4_C1_ws/install/carbot/lib/python3.10/site-packages/day2/2_0_b_image_subscriber.py to 2_0_b_image_subscriber.cpython-310.pyc
running install_data
running install_egg_info
removing '/home/rokey/rokey4_C1_ws/install/carbot/lib/python3.10/site-packages/carbot-0.0.0-py3.10.egg-info' (and everything under it)
Copying ../../build/carbot/carbot.egg-info to /home/rokey/rokey4_C1_ws/install/carbot/lib/python3.10/site-packages/carbot-0.0.0-py3.10.egg-info
running install_scripts
Installing pub_data script to /home/rokey/rokey4_C1_ws/install/carbot/lib/carbot
Installing pub_image script to /home/rokey/rokey4_C1_ws/install/carbot/lib/carbot
Installing show_data script to /home/rokey/rokey4_C1_ws/install/carbot/lib/carbot
Installing show_image script to /home/rokey/rokey4_C1_ws/install/carbot/lib/carbot
writing list of installed files to '/home/rokey/rokey4_C1_ws/build/carbot/install.log'
